<?xml version="1.0" encoding="UTF-8"?>
<!-- Generated by org.testng.reporters.JUnitXMLReporter -->
<testsuite hostname="ondra-Inspiron-5547" ignored="0" tests="19" failures="3" timestamp="03 Jul 2017 12:06:38 GMT" time="8.228" errors="0">
  <testcase name="testJSONContainsAllSections" time="1.361" classname="TestResponseJSON"/>
  <testcase name="testJSONValid" time="0.293" classname="TestResponseJSON"/>
  <testcase name="testNegativeValues" time="0.313" classname="TestParamLimit"/>
  <testcase name="testResponseLength20" time="0.298" classname="TestParamLimit"/>
  <testcase name="testResponseLengthMax" time="0.424" classname="TestParamLimit"/>
  <testcase name="testResponseLengthNoParam" time="0.282" classname="TestParamLimit"/>
  <testcase name="testString" time="0.202" classname="TestParamLimit">
    <failure type="java.io.IOException" message="Server returned HTTP response code: 500 for URL: https://api.nasa.gov/planetary/sounds?limit=ten&amp;amp;api_key=rJh6i4JLqs5HqTJcuDgA0qojWq1UY45Oq5qDS3sF">
      <![CDATA[java.io.IOException: Server returned HTTP response code: 500 for URL: https://api.nasa.gov/planetary/sounds?limit=ten&api_key=rJh6i4JLqs5HqTJcuDgA0qojWq1UY45Oq5qDS3sF
	at sun.net.www.protocol.http.HttpURLConnection.getInputStream0(HttpURLConnection.java:1876)
	at sun.net.www.protocol.http.HttpURLConnection.getInputStream(HttpURLConnection.java:1474)
	at sun.net.www.protocol.https.HttpsURLConnectionImpl.getInputStream(HttpsURLConnectionImpl.java:254)
	at java.net.URL.openStream(URL.java:1045)
	at Downloader.download(Downloader.java:24)
	at TestParamLimit.testString(TestParamLimit.java:84)
... Removed 29 stack frames]]>
    </failure>
  </testcase> <!-- testString -->
  <testcase name="testZero" time="0.447" classname="TestParamLimit"/>
  <testcase name="TestWithGeneratedKey" time="0.2" classname="TestParamApiKey"/>
  <testcase name="TestWithNoKey" time="0.125" classname="TestParamApiKey"/>
  <testcase name="TestWithRightKey" time="0.452" classname="TestParamApiKey"/>
  <testcase name="TestWithWrongKey" time="0.125" classname="TestParamApiKey"/>
  <testcase name="testWithNoQParam" time="0.586" classname="TestParamQ"/>
  <testcase name="testWithSetQParam" time="0.201" classname="TestParamQ">
    <failure type="java.lang.AssertionError">
      <![CDATA[java.lang.AssertionError
	at TestParamQ.testWithSetQParam(TestParamQ.java:55)
... Removed 29 stack frames]]>
    </failure>
  </testcase> <!-- testWithSetQParam -->
  <testcase name="testDemoKeyValues" time="0.241" classname="TestRequestLimit">
    <failure type="java.lang.AssertionError">
      <![CDATA[java.lang.AssertionError
	at TestRequestLimit.testDemoKeyValues(TestRequestLimit.java:42)
... Removed 29 stack frames]]>
    </failure>
  </testcase> <!-- testDemoKeyValues -->
  <testcase name="testDemoKeyValuesDecrease" time="0.892" classname="TestRequestLimit"/>
  <testcase name="testDepletingRateLimit" time="0.375" classname="TestRequestLimit"/>
  <testcase name="testDeveloperKeyValues" time="0.445" classname="TestRequestLimit"/>
  <testcase name="testDeveloperKeyValuesDecrease" time="0.891" classname="TestRequestLimit"/>
</testsuite>
