<?xml version="1.0" encoding="UTF-8"?>
<testsuite xmlns:xsi="http://www.w3.org/2001/XMLSchema-instance" xsi:noNamespaceSchemaLocation="https://maven.apache.org/surefire/maven-surefire-plugin/xsd/surefire-test-report.xsd" name="TestSuite" time="9.66" tests="23" errors="0" skipped="0" failures="3">
  <properties>
    <property name="idea.version" value="2017.1.4"/>
    <property name="java.runtime.name" value="OpenJDK Runtime Environment"/>
    <property name="sun.boot.library.path" value="/usr/lib/jvm/java-8-openjdk-amd64/jre/lib/amd64"/>
    <property name="java.vm.version" value="25.131-b11"/>
    <property name="java.vm.vendor" value="Oracle Corporation"/>
    <property name="maven.multiModuleProjectDirectory" value="/home/ondra/javaProjects/NasaTest"/>
    <property name="java.vendor.url" value="http://java.oracle.com/"/>
    <property name="path.separator" value=":"/>
    <property name="guice.disable.misplaced.annotation.check" value="true"/>
    <property name="java.vm.name" value="OpenJDK 64-Bit Server VM"/>
    <property name="file.encoding.pkg" value="sun.io"/>
    <property name="user.country" value="US"/>
    <property name="sun.java.launcher" value="SUN_STANDARD"/>
    <property name="sun.os.patch.level" value="unknown"/>
    <property name="java.vm.specification.name" value="Java Virtual Machine Specification"/>
    <property name="user.dir" value="/home/ondra/javaProjects/NasaTest"/>
    <property name="java.runtime.version" value="1.8.0_131-8u131-b11-0ubuntu1.16.04.2-b11"/>
    <property name="java.awt.graphicsenv" value="sun.awt.X11GraphicsEnvironment"/>
    <property name="java.endorsed.dirs" value="/usr/lib/jvm/java-8-openjdk-amd64/jre/lib/endorsed"/>
    <property name="os.arch" value="amd64"/>
    <property name="java.io.tmpdir" value="/tmp"/>
    <property name="line.separator" value="&#10;"/>
    <property name="java.vm.specification.vendor" value="Oracle Corporation"/>
    <property name="os.name" value="Linux"/>
    <property name="classworlds.conf" value="/home/ondra/programs/idea-IC-171.4694.23/plugins/maven/lib/maven3/bin/m2.conf"/>
    <property name="sun.jnu.encoding" value="UTF-8"/>
    <property name="java.library.path" value=".::/usr/java/packages/lib/amd64:/usr/lib/x86_64-linux-gnu/jni:/lib/x86_64-linux-gnu:/usr/lib/x86_64-linux-gnu:/usr/lib/jni:/lib:/usr/lib"/>
    <property name="java.specification.name" value="Java Platform API Specification"/>
    <property name="java.class.version" value="52.0"/>
    <property name="sun.management.compiler" value="HotSpot 64-Bit Tiered Compilers"/>
    <property name="os.version" value="4.4.0-79-generic"/>
    <property name="user.home" value="/home/ondra"/>
    <property name="user.timezone" value="Europe/Prague"/>
    <property name="java.awt.printerjob" value="sun.print.PSPrinterJob"/>
    <property name="java.specification.version" value="1.8"/>
    <property name="file.encoding" value="UTF-8"/>
    <property name="user.name" value="ondra"/>
    <property name="java.class.path" value="/home/ondra/programs/idea-IC-171.4694.23/plugins/maven/lib/maven3/boot/plexus-classworlds-2.5.2.jar:/home/ondra/programs/idea-IC-171.4694.23/lib/idea_rt.jar"/>
    <property name="java.vm.specification.version" value="1.8"/>
    <property name="sun.arch.data.model" value="64"/>
    <property name="java.home" value="/usr/lib/jvm/java-8-openjdk-amd64/jre"/>
    <property name="sun.java.command" value="org.codehaus.classworlds.Launcher -Didea.version=2017.1.4 test"/>
    <property name="java.specification.vendor" value="Oracle Corporation"/>
    <property name="user.language" value="en"/>
    <property name="awt.toolkit" value="sun.awt.X11.XToolkit"/>
    <property name="java.vm.info" value="mixed mode"/>
    <property name="java.version" value="1.8.0_131"/>
    <property name="java.ext.dirs" value="/usr/lib/jvm/java-8-openjdk-amd64/jre/lib/ext:/usr/java/packages/lib/ext"/>
    <property name="securerandom.source" value="file:/dev/./urandom"/>
    <property name="sun.boot.class.path" value="/usr/lib/jvm/java-8-openjdk-amd64/jre/lib/resources.jar:/usr/lib/jvm/java-8-openjdk-amd64/jre/lib/rt.jar:/usr/lib/jvm/java-8-openjdk-amd64/jre/lib/sunrsasign.jar:/usr/lib/jvm/java-8-openjdk-amd64/jre/lib/jsse.jar:/usr/lib/jvm/java-8-openjdk-amd64/jre/lib/jce.jar:/usr/lib/jvm/java-8-openjdk-amd64/jre/lib/charsets.jar:/usr/lib/jvm/java-8-openjdk-amd64/jre/lib/jfr.jar:/usr/lib/jvm/java-8-openjdk-amd64/jre/classes"/>
    <property name="java.vendor" value="Oracle Corporation"/>
    <property name="maven.home" value="/home/ondra/programs/idea-IC-171.4694.23/plugins/maven/lib/maven3"/>
    <property name="file.separator" value="/"/>
    <property name="java.vendor.url.bug" value="http://bugreport.sun.com/bugreport/"/>
    <property name="sun.cpu.endian" value="little"/>
    <property name="sun.io.unicode.encoding" value="UnicodeLittle"/>
    <property name="sun.desktop" value="gnome"/>
    <property name="sun.cpu.isalist" value=""/>
  </properties>
  <testcase name="TestMethodDELETE" classname="TestMethods" time="0.998"/>
  <testcase name="TestMethodGET" classname="TestMethods" time="0.586"/>
  <testcase name="TestMethodPOST" classname="TestMethods" time="0.161"/>
  <testcase name="TestMethodPUT" classname="TestMethods" time="0.409"/>
  <testcase name="testJSONContainsAllSections" classname="TestResponseJSON" time="0.554"/>
  <testcase name="testJSONValid" classname="TestResponseJSON" time="0.315"/>
  <testcase name="testNegativeValues" classname="TestParamLimit" time="0.207"/>
  <testcase name="testResponseLength20" classname="TestParamLimit" time="0.203"/>
  <testcase name="testResponseLengthMax" classname="TestParamLimit" time="0.337"/>
  <testcase name="testResponseLengthNoParam" classname="TestParamLimit" time="0.199"/>
  <testcase name="testString" classname="TestParamLimit" time="0.21">
    <failure message="Server returned HTTP response code: 500 for URL: https://api.nasa.gov/planetary/sounds?limit=ten&amp;api_key=rJh6i4JLqs5HqTJcuDgA0qojWq1UY45Oq5qDS3sF" type="java.io.IOException"><![CDATA[java.io.IOException: Server returned HTTP response code: 500 for URL: https://api.nasa.gov/planetary/sounds?limit=ten&api_key=rJh6i4JLqs5HqTJcuDgA0qojWq1UY45Oq5qDS3sF
	at TestParamLimit.testString(TestParamLimit.java:84)
]]></failure>
  </testcase>
  <testcase name="testZero" classname="TestParamLimit" time="0.455"/>
  <testcase name="TestWithGeneratedKey" classname="TestParamApiKey" time="0.23"/>
  <testcase name="TestWithNoKey" classname="TestParamApiKey" time="0.126"/>
  <testcase name="TestWithRightKey" classname="TestParamApiKey" time="0.449"/>
  <testcase name="TestWithWrongKey" classname="TestParamApiKey" time="0.126"/>
  <testcase name="testWithNoQParam" classname="TestParamQ" time="0.578"/>
  <testcase name="testWithSetQParam" classname="TestParamQ" time="0.201">
    <failure type="java.lang.AssertionError">java.lang.AssertionError
	at TestParamQ.testWithSetQParam(TestParamQ.java:55)
</failure>
  </testcase>
  <testcase name="testDemoKeyValues" classname="TestRequestLimit" time="0.2">
    <failure type="java.lang.AssertionError">java.lang.AssertionError
	at TestRequestLimit.testDemoKeyValues(TestRequestLimit.java:42)
</failure>
  </testcase>
  <testcase name="testDemoKeyValuesDecrease" classname="TestRequestLimit" time="0.916"/>
  <testcase name="testDepletingRateLimit" classname="TestRequestLimit" time="0.373"/>
  <testcase name="testDeveloperKeyValues" classname="TestRequestLimit" time="0.446"/>
  <testcase name="testDeveloperKeyValuesDecrease" classname="TestRequestLimit" time="0.898"/>
</testsuite>