-------------------------------------------------------------------------------
Test set: Test
-------------------------------------------------------------------------------
Tests run: 1, Failures: 1, Errors: 0, Skipped: 0, Time elapsed: 1.836 s <<< FAILURE! - in Test
testResponseLength(Test)  Time elapsed: 1.518 s  <<< FAILURE!
java.lang.AssertionError
	at Test.testResponseLength(Test.java:16)

